<?xml version="1.0" encoding="UTF-8"?>
<!-- Generated by org.testng.reporters.JUnitReportReporter -->
<testsuite hostname="dell-PC" name="SET.test.TestNgTest" tests="2" failures="0" timestamp="8 Feb 2014 06:48:40 GMT" time="37.051" errors="0">
  <testcase name="f1" time="18.838" classname="SET.test.TestNgTest"/>
  <testcase name="f2" time="18.213" classname="SET.test.TestNgTest"/>
</testsuite> <!-- SET.test.TestNgTest -->
