<?xml version="1.0" encoding="UTF-8"?>
<!-- Generated by org.testng.reporters.JUnitReportReporter -->
<testsuite hostname="dell-PC" name="SET.test.Test1Test" tests="6" failures="0" timestamp="10 Feb 2014 09:45:03 GMT" time="280.529" errors="0">
  <testcase name="f1" time="32.284" classname="SET.test.Test1Test"/>
  <testcase name="f2" time="57.831" classname="SET.test.Test1Test"/>
  <testcase name="f2" time="50.361" classname="SET.test.Test1Test"/>
  <testcase name="f2" time="79.196" classname="SET.test.Test1Test"/>
  <testcase name="f1" time="34.834" classname="SET.test.Test1Test"/>
  <testcase name="f1" time="26.023" classname="SET.test.Test1Test"/>
</testsuite> <!-- SET.test.Test1Test -->
